<?xml version="1.0" encoding="UTF-8"?>
<testsuite name="testeSpring.TesteSpringApplicationTests" tests="1" skipped="0" failures="0" errors="0" timestamp="2021-05-19T16:40:18" hostname="ws-d7371fb7-9a9a-4da4-ab7a-64c09068504c" time="0.328">
  <properties/>
  <testcase name="contextLoads()" classname="testeSpring.TesteSpringApplicationTests" time="0.328"/>
  <system-out><![CDATA[16:40:16.270 [Test worker] DEBUG org.springframework.test.context.BootstrapUtils - Instantiating CacheAwareContextLoaderDelegate from class [org.springframework.test.context.cache.DefaultCacheAwareContextLoaderDelegate]
16:40:16.288 [Test worker] DEBUG org.springframework.test.context.BootstrapUtils - Instantiating BootstrapContext using constructor [public org.springframework.test.context.support.DefaultBootstrapContext(java.lang.Class,org.springframework.test.context.CacheAwareContextLoaderDelegate)]
16:40:16.322 [Test worker] DEBUG org.springframework.test.context.BootstrapUtils - Instantiating TestContextBootstrapper for test class [testeSpring.TesteSpringApplicationTests] from class [org.springframework.boot.test.context.SpringBootTestContextBootstrapper]
16:40:16.334 [Test worker] INFO org.springframework.boot.test.context.SpringBootTestContextBootstrapper - Neither @ContextConfiguration nor @ContextHierarchy found for test class [testeSpring.TesteSpringApplicationTests], using SpringBootContextLoader
16:40:16.338 [Test worker] DEBUG org.springframework.test.context.support.AbstractContextLoader - Did not detect default resource location for test class [testeSpring.TesteSpringApplicationTests]: class path resource [testeSpring/TesteSpringApplicationTests-context.xml] does not exist
16:40:16.338 [Test worker] DEBUG org.springframework.test.context.support.AbstractContextLoader - Did not detect default resource location for test class [testeSpring.TesteSpringApplicationTests]: class path resource [testeSpring/TesteSpringApplicationTestsContext.groovy] does not exist
16:40:16.339 [Test worker] INFO org.springframework.test.context.support.AbstractContextLoader - Could not detect default resource locations for test class [testeSpring.TesteSpringApplicationTests]: no resource found for suffixes {-context.xml, Context.groovy}.
16:40:16.339 [Test worker] INFO org.springframework.test.context.support.AnnotationConfigContextLoaderUtils - Could not detect default configuration classes for test class [testeSpring.TesteSpringApplicationTests]: TesteSpringApplicationTests does not declare any static, non-private, non-final, nested classes annotated with @Configuration.
16:40:16.382 [Test worker] DEBUG org.springframework.test.context.support.ActiveProfilesUtils - Could not find an 'annotation declaring class' for annotation type [org.springframework.test.context.ActiveProfiles] and class [testeSpring.TesteSpringApplicationTests]
16:40:16.439 [Test worker] DEBUG org.springframework.context.annotation.ClassPathScanningCandidateComponentProvider - Identified candidate component class: file [/workspace/TesteSpringer/backend/build/classes/kotlin/main/testeSpring/TesteSpringApplication.class]
16:40:16.441 [Test worker] INFO org.springframework.boot.test.context.SpringBootTestContextBootstrapper - Found @SpringBootConfiguration testeSpring.TesteSpringApplication for test class testeSpring.TesteSpringApplicationTests
16:40:16.530 [Test worker] DEBUG org.springframework.boot.test.context.SpringBootTestContextBootstrapper - @TestExecutionListeners is not present for class [testeSpring.TesteSpringApplicationTests]: using defaults.
16:40:16.531 [Test worker] INFO org.springframework.boot.test.context.SpringBootTestContextBootstrapper - Loaded default TestExecutionListener class names from location [META-INF/spring.factories]: [org.springframework.test.context.web.ServletTestExecutionListener, org.springframework.test.context.support.DirtiesContextBeforeModesTestExecutionListener, org.springframework.test.context.event.ApplicationEventsTestExecutionListener, org.springframework.test.context.support.DependencyInjectionTestExecutionListener, org.springframework.test.context.support.DirtiesContextTestExecutionListener, org.springframework.test.context.transaction.TransactionalTestExecutionListener, org.springframework.test.context.jdbc.SqlScriptsTestExecutionListener, org.springframework.test.context.event.EventPublishingTestExecutionListener, org.springframework.boot.test.autoconfigure.restdocs.RestDocsTestExecutionListener, org.springframework.boot.test.autoconfigure.web.client.MockRestServiceServerResetTestExecutionListener, org.springframework.boot.test.autoconfigure.web.servlet.MockMvcPrintOnlyOnFailureTestExecutionListener, org.springframework.boot.test.autoconfigure.web.servlet.WebDriverTestExecutionListener, org.springframework.boot.test.autoconfigure.webservices.client.MockWebServiceServerTestExecutionListener, org.springframework.boot.test.mock.mockito.MockitoTestExecutionListener, org.springframework.boot.test.mock.mockito.ResetMocksTestExecutionListener]
16:40:16.541 [Test worker] DEBUG org.springframework.boot.test.context.SpringBootTestContextBootstrapper - Skipping candidate TestExecutionListener [org.springframework.test.context.transaction.TransactionalTestExecutionListener] due to a missing dependency. Specify custom listener classes or make the default listener classes and their required dependencies available. Offending class: [org/springframework/transaction/TransactionDefinition]
16:40:16.542 [Test worker] DEBUG org.springframework.boot.test.context.SpringBootTestContextBootstrapper - Skipping candidate TestExecutionListener [org.springframework.test.context.jdbc.SqlScriptsTestExecutionListener] due to a missing dependency. Specify custom listener classes or make the default listener classes and their required dependencies available. Offending class: [org/springframework/transaction/interceptor/TransactionAttribute]
16:40:16.543 [Test worker] INFO org.springframework.boot.test.context.SpringBootTestContextBootstrapper - Using TestExecutionListeners: [org.springframework.test.context.web.ServletTestExecutionListener@65d4d39d, org.springframework.test.context.support.DirtiesContextBeforeModesTestExecutionListener@46617520, org.springframework.test.context.event.ApplicationEventsTestExecutionListener@7dd7888f, org.springframework.boot.test.mock.mockito.MockitoTestExecutionListener@14c5dc2b, org.springframework.boot.test.autoconfigure.SpringBootDependencyInjectionTestExecutionListener@574ead15, org.springframework.test.context.support.DirtiesContextTestExecutionListener@1a4b0aa9, org.springframework.test.context.event.EventPublishingTestExecutionListener@5b996a9f, org.springframework.boot.test.autoconfigure.restdocs.RestDocsTestExecutionListener@6187c143, org.springframework.boot.test.autoconfigure.web.client.MockRestServiceServerResetTestExecutionListener@4303ee63, org.springframework.boot.test.autoconfigure.web.servlet.MockMvcPrintOnlyOnFailureTestExecutionListener@15faae8, org.springframework.boot.test.autoconfigure.web.servlet.WebDriverTestExecutionListener@1102e5ce, org.springframework.boot.test.autoconfigure.webservices.client.MockWebServiceServerTestExecutionListener@4ed0b374, org.springframework.boot.test.mock.mockito.ResetMocksTestExecutionListener@127c3c3b]
16:40:16.547 [Test worker] DEBUG org.springframework.test.context.support.AbstractDirtiesContextTestExecutionListener - Before test class: context [DefaultTestContext@681fbf78 testClass = TesteSpringApplicationTests, testInstance = [null], testMethod = [null], testException = [null], mergedContextConfiguration = [WebMergedContextConfiguration@2ba219d3 testClass = TesteSpringApplicationTests, locations = '{}', classes = '{class testeSpring.TesteSpringApplication}', contextInitializerClasses = '[]', activeProfiles = '{}', propertySourceLocations = '{}', propertySourceProperties = '{org.springframework.boot.test.context.SpringBootTestContextBootstrapper=true}', contextCustomizers = set[org.springframework.boot.test.autoconfigure.actuate.metrics.MetricsExportContextCustomizerFactory$DisableMetricExportContextCustomizer@42a301c4, org.springframework.boot.test.autoconfigure.properties.PropertyMappingContextCustomizer@0, org.springframework.boot.test.autoconfigure.web.servlet.WebDriverContextCustomizerFactory$Customizer@5cecf270, org.springframework.boot.test.context.filter.ExcludeFilterContextCustomizer@4d4a9ba6, org.springframework.boot.test.json.DuplicateJsonObjectContextCustomizerFactory$DuplicateJsonObjectContextCustomizer@30f680bb, org.springframework.boot.test.mock.mockito.MockitoContextCustomizer@0, org.springframework.boot.test.web.client.TestRestTemplateContextCustomizer@784955b6, org.springframework.boot.test.context.SpringBootTestArgs@1, org.springframework.boot.test.context.SpringBootTestWebEnvironment@3f6b6d70], resourceBasePath = 'src/main/webapp', contextLoader = 'org.springframework.boot.test.context.SpringBootContextLoader', parent = [null]], attributes = map['org.springframework.test.context.web.ServletTestExecutionListener.activateListener' -> true]], class annotated with @DirtiesContext [false] with mode [null].
16:40:16.578 [Test worker] DEBUG org.springframework.test.context.support.TestPropertySourceUtils - Adding inlined properties to environment: {spring.jmx.enabled=false, org.springframework.boot.test.context.SpringBootTestContextBootstrapper=true}

  .   ____          _            __ _ _
 /\\ / ___'_ __ _ _(_)_ __  __ _ \ \ \ \
( ( )\___ | '_ | '_| | '_ \/ _` | \ \ \ \
 \\/  ___)| |_)| | | | | || (_| |  ) ) ) )
  '  |____| .__|_| |_|_| |_\__, | / / / /
 =========|_|==============|___/=/_/_/_/
 :: Spring Boot ::                (v2.4.5)

2021-05-19 16:40:16.836  INFO 10937 --- [    Test worker] testeSpring.TesteSpringApplicationTests  : Starting TesteSpringApplicationTests using Java 11.0.10 on ws-d7371fb7-9a9a-4da4-ab7a-64c09068504c with PID 10937 (started by gitpod in /workspace/TesteSpringer/backend)
2021-05-19 16:40:16.839  INFO 10937 --- [    Test worker] testeSpring.TesteSpringApplicationTests  : No active profile set, falling back to default profiles: default
2021-05-19 16:40:17.981  INFO 10937 --- [    Test worker] o.s.s.concurrent.ThreadPoolTaskExecutor  : Initializing ExecutorService 'applicationTaskExecutor'
2021-05-19 16:40:18.189  WARN 10937 --- [    Test worker] o.s.b.a.m.MustacheAutoConfiguration      : Cannot find template location: classpath:/templates/ (please add some templates, check your Mustache configuration, or set spring.mustache.check-template-location=false)
2021-05-19 16:40:18.312  INFO 10937 --- [    Test worker] testeSpring.TesteSpringApplicationTests  : Started TesteSpringApplicationTests in 1.725 seconds (JVM running for 2.766)
]]></system-out>
  <system-err><![CDATA[]]></system-err>
</testsuite>
